 ==============================================================================

 Run   101 Evt  7076
 start values for Filter
  0.512E-01 +/-  14.1    -0.479E-02 +/-  2.21    -0.202     +/-  15.8    
 Filter iteration     1 yields chi2  0.933E-04 at x,y,z,  0.158    +/-  7.37    , -0.652E-02+/-  1.39    , -0.296    +/-  9.10    
 Filter iteration     2 yields chi2  0.933E-04 at x,y,z,  0.158    +/-  7.37    , -0.651E-02+/-  1.39    , -0.296    +/-  9.10    
 Filter iteration     1 yields chi2   3.18     at x,y,z,  0.396    +/- 0.236    ,  0.373E-01+/- 0.329E-01,  0.163    +/- 0.299    
 Filter iteration     2 yields chi2   3.19     at x,y,z,  0.396    +/- 0.236    ,  0.373E-01+/- 0.328E-01,  0.163    +/- 0.299    
 Filter iteration     1 yields chi2  0.785     at x,y,z,  0.371    +/- 0.233    ,  0.283E-01+/- 0.312E-01,  0.160    +/- 0.299    
 Filter iteration     2 yields chi2  0.784     at x,y,z,  0.370    +/- 0.233    ,  0.281E-01+/- 0.311E-01,  0.159    +/- 0.299    
 Filter iteration     1 yields chi2   55.6     at x,y,z,  0.263    +/- 0.232    ,  0.578E-02+/- 0.307E-01,  0.167    +/- 0.297    
 Filter iteration     2 yields chi2   55.3     at x,y,z,  0.204    +/- 0.231    , -0.165E-02+/- 0.305E-01,  0.936E-01+/- 0.296    
 Filter iteration     1 yields chi2   1.71     at x,y,z,  0.509E-01+/- 0.196    , -0.173E-01+/- 0.276E-01, -0.932E-01+/- 0.259    
 Filter iteration     2 yields chi2   1.70     at x,y,z,  0.504E-01+/- 0.196    , -0.174E-01+/- 0.276E-01, -0.938E-01+/- 0.258    
 Filter iteration     1 yields chi2   2.26     at x,y,z, -0.985E-01+/- 0.127    , -0.321E-01+/- 0.195E-01, -0.287    +/- 0.145    
 Filter iteration     2 yields chi2   2.27     at x,y,z, -0.983E-01+/- 0.127    , -0.320E-01+/- 0.195E-01, -0.287    +/- 0.145    
 Smoother for Track     1
 chi2 =  7.32    prob (2 d.o.f.) = 0.258E-01
  0.153E-02 +/- 0.686E-05  1.21     +/- 0.199E-02 0.186     +/- 0.811E-03 0.356E-01 +/- 0.179E-01-0.483     +/- 0.133    
  0.154E-02 +/- 0.568E-05  1.21     +/- 0.163E-02 0.185     +/- 0.381E-03 0.134E-01 +/- 0.729E-02-0.163     +/- 0.592E-01
 Smoother for Track     3
 chi2 =  2.60    prob (2 d.o.f.) = 0.273    
  0.109E-02 +/- 0.496E-05  1.17     +/- 0.159E-02 0.878E-01 +/- 0.643E-03-0.132E-02 +/- 0.154E-01-0.131     +/- 0.135    
  0.108E-02 +/- 0.424E-05  1.17     +/- 0.115E-02 0.888E-01 +/- 0.413E-03 0.232E-01 +/- 0.914E-02-0.169     +/- 0.574E-01
 Smoother for Track     4
 chi2 = 0.824    prob (2 d.o.f.) = 0.662    
 -0.645E-03 +/- 0.407E-05  1.31     +/- 0.147E-02 0.128     +/- 0.453E-03 0.249E-01 +/- 0.115E-01-0.264     +/- 0.144    
 -0.644E-03 +/- 0.318E-05  1.31     +/- 0.957E-03 0.128     +/- 0.285E-03 0.192E-01 +/- 0.589E-02-0.154     +/- 0.652E-01
 Smoother for Track     5
 chi2 =  51.2    prob (2 d.o.f.) = 0.744E-11
 -0.435E-02 +/- 0.188E-04  1.25     +/- 0.511E-02 0.118     +/- 0.134E-02 0.121     +/- 0.275E-01  1.52     +/- 0.272    
 -0.433E-02 +/- 0.169E-04  1.27     +/- 0.420E-02 0.113     +/- 0.451E-03 0.206E-01 +/- 0.680E-02-0.158     +/- 0.626E-01
 Smoother for Track     6
 chi2 = 0.970E-01prob (2 d.o.f.) = 0.953    
 -0.103E-02 +/- 0.615E-05  1.41     +/- 0.195E-02 0.170     +/- 0.660E-03 0.100E-01 +/- 0.157E-01-0.148     +/- 0.164    
 -0.104E-02 +/- 0.460E-05  1.41     +/- 0.135E-02 0.170     +/- 0.325E-03 0.149E-01 +/- 0.619E-02-0.143     +/- 0.725E-01
 Smoother for Track     2
 chi2 =  1.03    prob (2 d.o.f.) = 0.599    
  0.239E-03 +/- 0.305E-05-0.640     +/- 0.841E-03  3.30     +/- 0.295E-03-0.698E-02 +/- 0.861E-02-0.231     +/- 0.928E-01
  0.242E-03 +/- 0.254E-05-0.641     +/- 0.711E-03  3.30     +/- 0.222E-03-0.157E-01 +/- 0.581E-02-0.222     +/- 0.755E-01
 Smoothed result
 chi2 =  63.1    prob for  12 (  9) d.o.f. = 0.608E-08 ( 0.336E-09)
 -0.983E-01 +/- 0.127    -0.320E-01 +/- 0.195E-01-0.287     +/- 0.145    
 Outlier Test for Track     1 chi2   9.47     prob.  0.877E-02
 Outlier Test for Track     3 chi2   3.90     prob.  0.142    
 Outlier Test for Track     4 chi2   1.00     prob.  0.606    
 Outlier Test for Track     5 chi2   55.0     prob.  0.112E-11
 Outlier Test for Track     6 chi2  0.114     prob.  0.945    
 Outlier Test for Track     2 chi2   2.27     prob.  0.321    

 common vertex for 5 tracks for Run   101 Evt  7076
 invariant mass is   1494.9     +/-   7.6600    
 start values for Filter
  0.512E-01 +/-  14.1    -0.479E-02 +/-  2.21    -0.202     +/-  15.8    
 Filter iteration     1 yields chi2  0.933E-04 at x,y,z,  0.158    +/-  7.37    , -0.652E-02+/-  1.39    , -0.296    +/-  9.10    
 Filter iteration     2 yields chi2  0.933E-04 at x,y,z,  0.158    +/-  7.37    , -0.651E-02+/-  1.39    , -0.296    +/-  9.10    
 Filter iteration     1 yields chi2   3.18     at x,y,z,  0.396    +/- 0.236    ,  0.373E-01+/- 0.329E-01,  0.163    +/- 0.299    
 Filter iteration     2 yields chi2   3.19     at x,y,z,  0.396    +/- 0.236    ,  0.373E-01+/- 0.328E-01,  0.163    +/- 0.299    
 Filter iteration     1 yields chi2  0.785     at x,y,z,  0.371    +/- 0.233    ,  0.283E-01+/- 0.312E-01,  0.160    +/- 0.299    
 Filter iteration     2 yields chi2  0.784     at x,y,z,  0.370    +/- 0.233    ,  0.281E-01+/- 0.311E-01,  0.159    +/- 0.299    
 Filter iteration     1 yields chi2   55.6     at x,y,z,  0.263    +/- 0.232    ,  0.578E-02+/- 0.307E-01,  0.167    +/- 0.297    
 Filter iteration     2 yields chi2   55.3     at x,y,z,  0.204    +/- 0.231    , -0.165E-02+/- 0.305E-01,  0.936E-01+/- 0.296    
 Filter iteration     1 yields chi2   1.71     at x,y,z,  0.509E-01+/- 0.196    , -0.173E-01+/- 0.276E-01, -0.932E-01+/- 0.259    
 Filter iteration     2 yields chi2   1.70     at x,y,z,  0.504E-01+/- 0.196    , -0.174E-01+/- 0.276E-01, -0.938E-01+/- 0.258    
 Smoother for Track     1
 chi2 =  6.55    prob (2 d.o.f.) = 0.379E-01
  0.153E-02 +/- 0.686E-05  1.21     +/- 0.199E-02 0.186     +/- 0.811E-03 0.356E-01 +/- 0.179E-01-0.483     +/- 0.133    
  0.153E-02 +/- 0.613E-05  1.21     +/- 0.167E-02 0.186     +/- 0.571E-03 0.264E-01 +/- 0.121E-01-0.150     +/- 0.695E-01
 Smoother for Track     3
 chi2 =  2.27    prob (2 d.o.f.) = 0.321    
  0.109E-02 +/- 0.496E-05  1.17     +/- 0.159E-02 0.878E-01 +/- 0.643E-03-0.132E-02 +/- 0.154E-01-0.131     +/- 0.135    
  0.108E-02 +/- 0.450E-05  1.17     +/- 0.121E-02 0.887E-01 +/- 0.503E-03 0.218E-01 +/- 0.116E-01-0.151     +/- 0.713E-01
 Smoother for Track     4
 chi2 = 0.566    prob (2 d.o.f.) = 0.754    
 -0.645E-03 +/- 0.407E-05  1.31     +/- 0.147E-02 0.128     +/- 0.453E-03 0.249E-01 +/- 0.115E-01-0.264     +/- 0.144    
 -0.645E-03 +/- 0.335E-05  1.31     +/- 0.980E-03 0.128     +/- 0.320E-03 0.237E-01 +/- 0.714E-02-0.156     +/- 0.695E-01
 Smoother for Track     5
 chi2 =  50.5    prob (2 d.o.f.) = 0.109E-10
 -0.435E-02 +/- 0.188E-04  1.25     +/- 0.511E-02 0.118     +/- 0.134E-02 0.121     +/- 0.275E-01  1.52     +/- 0.272    
 -0.433E-02 +/- 0.170E-04  1.27     +/- 0.422E-02 0.114     +/- 0.505E-03 0.230E-01 +/- 0.825E-02-0.155     +/- 0.688E-01
 Smoother for Track     6
 chi2 =  1.01    prob (2 d.o.f.) = 0.604    
 -0.103E-02 +/- 0.615E-05  1.41     +/- 0.195E-02 0.170     +/- 0.660E-03 0.100E-01 +/- 0.157E-01-0.148     +/- 0.164    
 -0.104E-02 +/- 0.508E-05  1.41     +/- 0.136E-02 0.171     +/- 0.444E-03 0.257E-01 +/- 0.981E-02-0.160     +/- 0.746E-01
 Smoothed result
 chi2 =  60.9    prob for  10 (  7) d.o.f. = 0.248E-08 ( 0.101E-09)
  0.504E-01 +/- 0.196    -0.174E-01 +/- 0.276E-01-0.938E-01 +/- 0.258    
 Outlier Test for Track     1 chi2   8.90     prob.  0.117E-01
 Outlier Test for Track     3 chi2   5.43     prob.  0.662E-01
 Outlier Test for Track     4 chi2  0.737     prob.  0.692    
 Outlier Test for Track     5 chi2   54.3     prob.  0.160E-11
 Outlier Test for Track     6 chi2   1.70     prob.  0.428    
 invariant mass is   1493.6     +/-   5.8946    
 ==============================================================================

 Run   101 Evt  8340
 start values for Filter
  0.131     +/-  47.4    -0.331E-01 +/-  18.5     -3.75     +/-  64.8    
 Filter iteration     1 yields chi2  0.151E-04 at x,y,z,  0.259    +/-  29.3    , -0.303E-01+/-  9.97    ,  -3.57    +/-  37.0    
 Filter iteration     2 yields chi2  0.151E-04 at x,y,z,  0.259    +/-  29.3    , -0.303E-01+/-  9.97    ,  -3.57    +/-  37.0    
 Filter iteration     1 yields chi2   2.90     at x,y,z,   20.2    +/-  2.27    ,  -6.79    +/- 0.819    ,  -28.4    +/-  2.84    
 Filter iteration     2 yields chi2   15.6     at x,y,z,   31.6    +/-  4.38    ,  -10.5    +/-  1.54    ,  -42.3    +/-  5.43    
 Filter iteration     3 yields chi2   5.83     at x,y,z,  0.910    +/-  6.86    , -0.895E-01+/-  2.31    ,  -4.52    +/-  8.43    
 Filter iteration     4 yields chi2   3.43     at x,y,z,   21.9    +/-  2.45    ,  -7.35    +/- 0.880    ,  -30.5    +/-  3.06    
 Filter iteration     5 yields chi2   17.2     at x,y,z,   31.6    +/-  4.73    ,  -10.5    +/-  1.66    ,  -42.3    +/-  5.86    
 Filter iteration     6 yields chi2   5.33     at x,y,z,  0.795    +/-  6.80    , -0.591E-01+/-  2.28    ,  -4.38    +/-  8.36    
 Filter iteration     7 yields chi2   3.39     at x,y,z,   21.8    +/-  2.44    ,  -7.33    +/- 0.878    ,  -30.4    +/-  3.06    
 Filter iteration     8 yields chi2   17.1     at x,y,z,   31.6    +/-  4.72    ,  -10.5    +/-  1.65    ,  -42.3    +/-  5.84    
 Filter iteration     9 yields chi2   5.32     at x,y,z,  0.797    +/-  6.80    , -0.596E-01+/-  2.28    ,  -4.38    +/-  8.36    
 Filter iteration    10 yields chi2   3.39     at x,y,z,   21.8    +/-  2.44    ,  -7.33    +/- 0.878    ,  -30.4    +/-  3.06    
 Filter iteration     1 yields chi2  0.508     at x,y,z,   21.2    +/- 0.778    ,  -7.12    +/- 0.239    ,  -29.7    +/- 0.959    
 Filter iteration     2 yields chi2  0.331     at x,y,z,   21.0    +/-  1.30    ,  -7.03    +/- 0.429    ,  -29.4    +/-  1.61    
 Filter iteration     1 yields chi2   200.     at x,y,z,   5.37    +/- 0.689    ,  -2.41    +/- 0.278    ,  -10.4    +/- 0.885    
 Filter iteration     2 yields chi2   156.     at x,y,z,   6.80    +/- 0.634    ,  -2.81    +/- 0.264    ,  -12.2    +/- 0.818    
 Filter iteration     3 yields chi2   157.     at x,y,z,   6.68    +/- 0.619    ,  -2.76    +/- 0.259    ,  -12.1    +/- 0.800    
 Filter iteration     4 yields chi2   157.     at x,y,z,   6.69    +/- 0.620    ,  -2.76    +/- 0.260    ,  -12.1    +/- 0.801    
 Filter iteration     1 yields chi2   44.4     at x,y,z,   4.21    +/- 0.493    ,  -1.70    +/- 0.203    ,  -9.12    +/- 0.658    
 Filter iteration     2 yields chi2   40.5     at x,y,z,   4.24    +/- 0.476    ,  -1.72    +/- 0.196    ,  -9.15    +/- 0.636    
 Filter iteration     3 yields chi2   40.5     at x,y,z,   4.25    +/- 0.477    ,  -1.72    +/- 0.196    ,  -9.16    +/- 0.637    
 Filter iteration     1 yields chi2   32.9     at x,y,z,   2.41    +/- 0.353    , -0.912    +/- 0.135    ,  -6.79    +/- 0.476    
 Filter iteration     2 yields chi2   34.2     at x,y,z,   2.43    +/- 0.361    , -0.917    +/- 0.139    ,  -6.80    +/- 0.487    
 Filter iteration     3 yields chi2   34.2     at x,y,z,   2.42    +/- 0.360    , -0.915    +/- 0.138    ,  -6.80    +/- 0.486    
 Smoother for Track     1
 chi2 =  5.32    prob (2 d.o.f.) = 0.701E-01
 -0.526E-03 +/- 0.122E-04 -1.19     +/- 0.201E-02  5.96     +/- 0.152E-02-0.547E-01 +/- 0.923E-01 -3.26     +/- 0.267    
 -0.544E-03 +/- 0.420E-05 -1.19     +/- 0.718E-03  5.96     +/- 0.397E-03 0.908E-01 +/- 0.195E-01 -3.72     +/- 0.790E-01
 Smoother for Track     2
 chi2 =  111.    prob (2 d.o.f.) = 0.643E-24
  0.242E-02 +/- 0.279E-04 -1.16     +/- 0.188E-02  5.88     +/- 0.317E-02 -1.80     +/- 0.172     -3.60     +/- 0.226    
  0.215E-02 +/- 0.811E-05 -1.15     +/- 0.879E-03  5.91     +/- 0.529E-03-0.262E-01 +/- 0.114E-01 -3.81     +/- 0.842E-01
 Smoother for Track     3
 chi2 =  110.    prob (2 d.o.f.) = 0.119E-23
 -0.338E-02 +/- 0.305E-04 -1.15     +/- 0.234E-02  6.10     +/- 0.338E-02  2.24     +/- 0.180     -4.15     +/- 0.282    
 -0.308E-02 +/- 0.123E-04 -1.15     +/- 0.963E-03  6.06     +/- 0.894E-03 0.357     +/- 0.565E-01 -3.84     +/- 0.865E-01
 Smoother for Track     5
 chi2 =  17.7    prob (2 d.o.f.) = 0.142E-03
  0.115E-02 +/- 0.661E-05  1.20     +/- 0.186E-02  2.75     +/- 0.678E-03 0.269E-01 +/- 0.149E-01 -3.56     +/- 0.145    
  0.113E-02 +/- 0.687E-05  1.20     +/- 0.135E-02  2.75     +/- 0.729E-03 0.883E-01 +/- 0.142E-01 -3.69     +/- 0.744E-01
 Smoother for Track     6
 chi2 =  3.06    prob (2 d.o.f.) = 0.216    
  0.119E-02 +/- 0.117E-04 -1.32     +/- 0.157E-02  5.93     +/- 0.113E-02 0.303E-01 +/- 0.503E-01 -3.66     +/- 0.162    
  0.119E-02 +/- 0.555E-05 -1.32     +/- 0.918E-03  5.93     +/- 0.389E-03 0.195E-01 +/- 0.129E-01 -3.38     +/- 0.815E-01
 Smoother for Track     4
 chi2 =  8.48    prob (2 d.o.f.) = 0.144E-01
 -0.888E-03 +/- 0.531E-05 -1.31     +/- 0.170E-02  5.93     +/- 0.597E-03-0.116E-01 +/- 0.153E-01 -3.64     +/- 0.152    
 -0.898E-03 +/- 0.499E-05 -1.31     +/- 0.124E-02  5.93     +/- 0.536E-03 0.265E-01 +/- 0.134E-01 -3.41     +/- 0.798E-01
 Smoothed result
 chi2 =  256.    prob for  12 (  9) d.o.f. =  0.00     (  0.00    )
   2.42     +/- 0.360    -0.915     +/- 0.138     -6.80     +/- 0.486    
 Outlier Test for Track     1 chi2   5.79     prob.  0.553E-01
 Outlier Test for Track     2 chi2   113.     prob.  0.355E-24
 Outlier Test for Track     3 chi2   123.     prob.  0.248E-26
 Outlier Test for Track     5 chi2   273.     prob.   0.00    
 Outlier Test for Track     6 chi2   4.06     prob.  0.131    
 Outlier Test for Track     4 chi2   34.2     prob.  0.379E-07

 common vertex for 5 tracks for Run   101 Evt  8340
 invariant mass is   24513.     +/-   174.03    
 start values for Filter
  0.131     +/-  47.4    -0.331E-01 +/-  18.5     -3.75     +/-  64.8    
 Filter iteration     1 yields chi2  0.151E-04 at x,y,z,  0.259    +/-  29.3    , -0.303E-01+/-  9.97    ,  -3.57    +/-  37.0    
 Filter iteration     2 yields chi2  0.151E-04 at x,y,z,  0.259    +/-  29.3    , -0.303E-01+/-  9.97    ,  -3.57    +/-  37.0    
 Filter iteration     1 yields chi2   2.90     at x,y,z,   20.2    +/-  2.27    ,  -6.79    +/- 0.819    ,  -28.4    +/-  2.84    
 Filter iteration     2 yields chi2   15.6     at x,y,z,   31.6    +/-  4.38    ,  -10.5    +/-  1.54    ,  -42.3    +/-  5.43    
 Filter iteration     3 yields chi2   5.83     at x,y,z,  0.910    +/-  6.86    , -0.895E-01+/-  2.31    ,  -4.52    +/-  8.43    
 Filter iteration     4 yields chi2   3.43     at x,y,z,   21.9    +/-  2.45    ,  -7.35    +/- 0.880    ,  -30.5    +/-  3.06    
 Filter iteration     5 yields chi2   17.2     at x,y,z,   31.6    +/-  4.73    ,  -10.5    +/-  1.66    ,  -42.3    +/-  5.86    
 Filter iteration     6 yields chi2   5.33     at x,y,z,  0.795    +/-  6.80    , -0.591E-01+/-  2.28    ,  -4.38    +/-  8.36    
 Filter iteration     7 yields chi2   3.39     at x,y,z,   21.8    +/-  2.44    ,  -7.33    +/- 0.878    ,  -30.4    +/-  3.06    
 Filter iteration     8 yields chi2   17.1     at x,y,z,   31.6    +/-  4.72    ,  -10.5    +/-  1.65    ,  -42.3    +/-  5.84    
 Filter iteration     9 yields chi2   5.32     at x,y,z,  0.797    +/-  6.80    , -0.596E-01+/-  2.28    ,  -4.38    +/-  8.36    
 Filter iteration    10 yields chi2   3.39     at x,y,z,   21.8    +/-  2.44    ,  -7.33    +/- 0.878    ,  -30.4    +/-  3.06    
 Filter iteration     1 yields chi2  0.508     at x,y,z,   21.2    +/- 0.778    ,  -7.12    +/- 0.239    ,  -29.7    +/- 0.959    
 Filter iteration     2 yields chi2  0.331     at x,y,z,   21.0    +/-  1.30    ,  -7.03    +/- 0.429    ,  -29.4    +/-  1.61    
 Filter iteration     1 yields chi2   200.     at x,y,z,   5.37    +/- 0.689    ,  -2.41    +/- 0.278    ,  -10.4    +/- 0.885    
 Filter iteration     2 yields chi2   156.     at x,y,z,   6.80    +/- 0.634    ,  -2.81    +/- 0.264    ,  -12.2    +/- 0.818    
 Filter iteration     3 yields chi2   157.     at x,y,z,   6.68    +/- 0.619    ,  -2.76    +/- 0.259    ,  -12.1    +/- 0.800    
 Filter iteration     4 yields chi2   157.     at x,y,z,   6.69    +/- 0.620    ,  -2.76    +/- 0.260    ,  -12.1    +/- 0.801    
 Filter iteration     1 yields chi2   44.4     at x,y,z,   4.21    +/- 0.493    ,  -1.70    +/- 0.203    ,  -9.12    +/- 0.658    
 Filter iteration     2 yields chi2   40.5     at x,y,z,   4.24    +/- 0.476    ,  -1.72    +/- 0.196    ,  -9.15    +/- 0.636    
 Filter iteration     3 yields chi2   40.5     at x,y,z,   4.25    +/- 0.477    ,  -1.72    +/- 0.196    ,  -9.16    +/- 0.637    
 Smoother for Track     1
 chi2 =  16.2    prob (2 d.o.f.) = 0.311E-03
 -0.526E-03 +/- 0.122E-04 -1.19     +/- 0.201E-02  5.96     +/- 0.152E-02-0.547E-01 +/- 0.923E-01 -3.26     +/- 0.267    
 -0.568E-03 +/- 0.602E-05 -1.19     +/- 0.793E-03  5.96     +/- 0.694E-03 0.283     +/- 0.402E-01 -3.72     +/- 0.911E-01
 Smoother for Track     2
 chi2 =  127.    prob (2 d.o.f.) = 0.305E-27
  0.242E-02 +/- 0.279E-04 -1.16     +/- 0.188E-02  5.88     +/- 0.317E-02 -1.80     +/- 0.172     -3.60     +/- 0.226    
  0.213E-02 +/- 0.915E-05 -1.15     +/- 0.969E-03  5.91     +/- 0.784E-03 0.830E-01 +/- 0.250E-01 -3.88     +/- 0.972E-01
 Smoother for Track     3
 chi2 =  68.2    prob (2 d.o.f.) = 0.157E-14
 -0.338E-02 +/- 0.305E-04 -1.15     +/- 0.234E-02  6.10     +/- 0.338E-02  2.24     +/- 0.180     -4.15     +/- 0.282    
 -0.314E-02 +/- 0.158E-04 -1.15     +/- 0.104E-02  6.07     +/- 0.139E-02 0.761     +/- 0.913E-01 -3.96     +/- 0.101    
 Smoother for Track     5
 chi2 =  4.51    prob (2 d.o.f.) = 0.105    
  0.115E-02 +/- 0.661E-05  1.20     +/- 0.186E-02  2.75     +/- 0.678E-03 0.269E-01 +/- 0.149E-01 -3.56     +/- 0.145    
  0.114E-02 +/- 0.680E-05  1.20     +/- 0.139E-02  2.75     +/- 0.716E-03 0.570E-01 +/- 0.152E-01 -3.66     +/- 0.830E-01
 Smoother for Track     6
 chi2 =  18.6    prob (2 d.o.f.) = 0.905E-04
  0.119E-02 +/- 0.117E-04 -1.32     +/- 0.157E-02  5.93     +/- 0.113E-02 0.303E-01 +/- 0.503E-01 -3.66     +/- 0.162    
  0.116E-02 +/- 0.813E-05 -1.32     +/- 0.108E-02  5.93     +/- 0.723E-03 0.165     +/- 0.309E-01 -3.10     +/- 0.104    
 Smoothed result
 chi2 =  234.    prob for  10 (  7) d.o.f. =  0.00     (  0.00    )
   4.25     +/- 0.477     -1.72     +/- 0.196     -9.16     +/- 0.637    
 Outlier Test for Track     1 chi2   20.1     prob.  0.422E-04
 Outlier Test for Track     2 chi2   132.     prob.  0.236E-28
 Outlier Test for Track     3 chi2   93.0     prob.  0.632E-20
 Error in fvProb: chi**2 =   -73.73     <= 0.                                                                                        
 Outlier Test for Track     5 chi2  -73.7     prob.   0.00    
 Outlier Test for Track     6 chi2   40.5     prob.  0.163E-08
 invariant mass is   24452.     +/-   101.90    
 ==============================================================================

 Run   101 Evt 12040
 start values for Filter
  0.297     +/-  63.2     0.100E-01 +/-  5.02      1.56     +/-  59.0    
 Filter iteration     1 yields chi2  0.883E-03 at x,y,z,  0.886    +/-  39.2    , -0.124    +/-  2.23    ,   2.11    +/-  38.1    
 Filter iteration     2 yields chi2  0.880E-03 at x,y,z,  0.891    +/-  39.1    , -0.123    +/-  2.25    ,   2.11    +/-  38.0    
 Filter iteration     1 yields chi2   9.21     at x,y,z,  -1.13    +/-  1.61    , -0.340E-02+/- 0.230E-01, -0.187    +/-  1.45    
 Filter iteration     2 yields chi2   9.29     at x,y,z,  -1.05    +/-  1.59    , -0.184E-02+/- 0.207E-01, -0.126    +/-  1.44    
 Filter iteration     1 yields chi2   5.30     at x,y,z,  -1.57    +/-  1.37    , -0.395E-02+/- 0.201E-01, -0.422    +/-  1.22    
 Filter iteration     2 yields chi2   5.32     at x,y,z,  -1.54    +/-  1.36    , -0.355E-02+/- 0.201E-01, -0.388    +/-  1.22    
 Filter iteration     1 yields chi2   5.30     at x,y,z,  0.345    +/- 0.256    ,  0.120E-01+/- 0.166E-01,   1.42    +/- 0.242    
 Filter iteration     2 yields chi2   5.38     at x,y,z,  0.358    +/- 0.250    ,  0.121E-01+/- 0.166E-01,   1.44    +/- 0.237    
 Filter iteration     1 yields chi2   5.76     at x,y,z,  0.480E-01+/- 0.211    , -0.262E-02+/- 0.152E-01,   1.16    +/- 0.206    
 Filter iteration     2 yields chi2   5.84     at x,y,z,  0.508E-01+/- 0.212    , -0.237E-02+/- 0.153E-01,   1.16    +/- 0.207    
 Filter iteration     1 yields chi2   3.64     at x,y,z,  0.703E-01+/- 0.211    , -0.533E-03+/- 0.151E-01,   1.23    +/- 0.204    
 Filter iteration     2 yields chi2   3.64     at x,y,z,  0.716E-01+/- 0.211    , -0.450E-03+/- 0.151E-01,   1.23    +/- 0.204    
 Smoother for Track     1
 chi2 =  2.63    prob (2 d.o.f.) = 0.269    
 -0.770E-03 +/- 0.148E-04-0.970     +/- 0.166E-02  3.20     +/- 0.182E-02-0.174     +/- 0.108      1.25     +/- 0.212    
 -0.792E-03 +/- 0.370E-05-0.969     +/- 0.644E-03  3.20     +/- 0.262E-03-0.472E-02 +/- 0.764E-02  1.16     +/- 0.689E-01
 Smoother for Track     3
 chi2 =  14.1    prob (2 d.o.f.) = 0.879E-03
 -0.869E-03 +/- 0.477E-05-0.846     +/- 0.158E-02  3.15     +/- 0.610E-03 0.119E-01 +/- 0.156E-01 0.521     +/- 0.177    
 -0.867E-03 +/- 0.453E-05-0.852     +/- 0.906E-03  3.15     +/- 0.545E-03-0.109E-02 +/- 0.135E-01  1.17     +/- 0.691E-01
 Smoother for Track     4
 chi2 =  3.02    prob (2 d.o.f.) = 0.221    
  0.676E-03 +/- 0.112E-04-0.883     +/- 0.142E-02  3.18     +/- 0.133E-02 0.122     +/- 0.754E-01  1.26     +/- 0.179    
  0.694E-03 +/- 0.353E-05-0.883     +/- 0.637E-03  3.18     +/- 0.269E-03-0.295E-02 +/- 0.952E-02  1.17     +/- 0.681E-01
 Smoother for Track     5
 chi2 =  2.10    prob (2 d.o.f.) = 0.350    
  0.623E-03 +/- 0.344E-05 0.900     +/- 0.110E-02 0.780E-01 +/- 0.406E-03 0.173E-01 +/- 0.946E-02  1.26     +/- 0.108    
  0.626E-03 +/- 0.329E-05 0.901     +/- 0.827E-03 0.775E-01 +/- 0.368E-03 0.600E-02 +/- 0.836E-02  1.17     +/- 0.680E-01
 Smoother for Track     6
 chi2 =  4.27    prob (2 d.o.f.) = 0.118    
 -0.632E-02 +/- 0.275E-04 -1.15     +/- 0.655E-02  3.29     +/- 0.179E-02 0.635E-01 +/- 0.360E-01  1.13     +/- 0.266    
 -0.630E-02 +/- 0.256E-04 -1.15     +/- 0.529E-02  3.29     +/- 0.100E-02-0.108E-01 +/- 0.190E-01  1.15     +/- 0.835E-01
 Smoother for Track     2
 chi2 =  3.19    prob (2 d.o.f.) = 0.203    
  0.586E-03 +/- 0.108E-04-0.904     +/- 0.143E-02  3.17     +/- 0.129E-02 0.523E-01 +/- 0.731E-01  1.46     +/- 0.180    
  0.594E-03 +/- 0.346E-05-0.902     +/- 0.636E-03  3.17     +/- 0.278E-03-0.237E-02 +/- 0.106E-01  1.17     +/- 0.679E-01
 Smoothed result
 chi2 =  29.3    prob for  12 (  9) d.o.f. = 0.359E-02 ( 0.583E-03)
  0.716E-01 +/- 0.211    -0.450E-03 +/- 0.151E-01  1.23     +/- 0.204    
 Outlier Test for Track     1 chi2   2.66     prob.  0.265    
 Outlier Test for Track     3 chi2   17.2     prob.  0.185E-03
 Outlier Test for Track     4 chi2   3.11     prob.  0.211    
 Outlier Test for Track     5 chi2   7.71     prob.  0.212E-01
 Outlier Test for Track     6 chi2   5.92     prob.  0.517E-01
 Outlier Test for Track     2 chi2   3.64     prob.  0.162    

 common vertex for 5 tracks for Run   101 Evt 12040
 invariant mass is   31107.     +/-   161.30    
 start values for Filter
  0.297     +/-  63.2     0.100E-01 +/-  5.02      1.56     +/-  59.0    
 Filter iteration     1 yields chi2  0.883E-03 at x,y,z,  0.886    +/-  39.2    , -0.124    +/-  2.23    ,   2.11    +/-  38.1    
 Filter iteration     2 yields chi2  0.880E-03 at x,y,z,  0.891    +/-  39.1    , -0.123    +/-  2.25    ,   2.11    +/-  38.0    
 Filter iteration     1 yields chi2   9.21     at x,y,z,  -1.13    +/-  1.61    , -0.340E-02+/- 0.230E-01, -0.187    +/-  1.45    
 Filter iteration     2 yields chi2   9.29     at x,y,z,  -1.05    +/-  1.59    , -0.184E-02+/- 0.207E-01, -0.126    +/-  1.44    
 Filter iteration     1 yields chi2   5.30     at x,y,z,  -1.57    +/-  1.37    , -0.395E-02+/- 0.201E-01, -0.422    +/-  1.22    
 Filter iteration     2 yields chi2   5.32     at x,y,z,  -1.54    +/-  1.36    , -0.355E-02+/- 0.201E-01, -0.388    +/-  1.22    
 Filter iteration     1 yields chi2   5.30     at x,y,z,  0.345    +/- 0.256    ,  0.120E-01+/- 0.166E-01,   1.42    +/- 0.242    
 Filter iteration     2 yields chi2   5.38     at x,y,z,  0.358    +/- 0.250    ,  0.121E-01+/- 0.166E-01,   1.44    +/- 0.237    
 Filter iteration     1 yields chi2   5.76     at x,y,z,  0.480E-01+/- 0.211    , -0.262E-02+/- 0.152E-01,   1.16    +/- 0.206    
 Filter iteration     2 yields chi2   5.84     at x,y,z,  0.508E-01+/- 0.212    , -0.237E-02+/- 0.153E-01,   1.16    +/- 0.207    
 Smoother for Track     1
 chi2 =  2.84    prob (2 d.o.f.) = 0.242    
 -0.770E-03 +/- 0.148E-04-0.970     +/- 0.166E-02  3.20     +/- 0.182E-02-0.174     +/- 0.108      1.25     +/- 0.212    
 -0.792E-03 +/- 0.370E-05-0.969     +/- 0.677E-03  3.20     +/- 0.262E-03-0.539E-02 +/- 0.769E-02  1.12     +/- 0.742E-01
 Smoother for Track     3
 chi2 =  12.3    prob (2 d.o.f.) = 0.213E-02
 -0.869E-03 +/- 0.477E-05-0.846     +/- 0.158E-02  3.15     +/- 0.610E-03 0.119E-01 +/- 0.156E-01 0.521     +/- 0.177    
 -0.866E-03 +/- 0.455E-05-0.851     +/- 0.933E-03  3.15     +/- 0.550E-03-0.281E-02 +/- 0.137E-01  1.12     +/- 0.745E-01
 Smoother for Track     4
 chi2 =  3.42    prob (2 d.o.f.) = 0.181    
  0.676E-03 +/- 0.112E-04-0.883     +/- 0.142E-02  3.18     +/- 0.133E-02 0.122     +/- 0.754E-01  1.26     +/- 0.179    
  0.694E-03 +/- 0.353E-05-0.882     +/- 0.672E-03  3.18     +/- 0.270E-03-0.413E-02 +/- 0.963E-02  1.12     +/- 0.735E-01
 Smoother for Track     5
 chi2 =  2.97    prob (2 d.o.f.) = 0.226    
  0.623E-03 +/- 0.344E-05 0.900     +/- 0.110E-02 0.780E-01 +/- 0.406E-03 0.173E-01 +/- 0.946E-02  1.26     +/- 0.108    
  0.625E-03 +/- 0.330E-05 0.901     +/- 0.860E-03 0.776E-01 +/- 0.369E-03 0.630E-02 +/- 0.836E-02  1.12     +/- 0.733E-01
 Smoother for Track     6
 chi2 =  4.13    prob (2 d.o.f.) = 0.127    
 -0.632E-02 +/- 0.275E-04 -1.15     +/- 0.655E-02  3.29     +/- 0.179E-02 0.635E-01 +/- 0.360E-01  1.13     +/- 0.266    
 -0.630E-02 +/- 0.256E-04 -1.15     +/- 0.531E-02  3.29     +/- 0.100E-02-0.965E-02 +/- 0.190E-01  1.11     +/- 0.879E-01
 Smoothed result
 chi2 =  25.7    prob for  10 (  7) d.o.f. = 0.422E-02 ( 0.578E-03)
  0.508E-01 +/- 0.212    -0.237E-02 +/- 0.153E-01  1.16     +/- 0.207    
 Outlier Test for Track     1 chi2   2.91     prob.  0.233    
 Outlier Test for Track     3 chi2   16.0     prob.  0.335E-03
 Outlier Test for Track     4 chi2   3.59     prob.  0.166    
 Outlier Test for Track     5 chi2   9.39     prob.  0.914E-02
 Outlier Test for Track     6 chi2   5.83     prob.  0.541E-01
 invariant mass is   30785.     +/-   91.536    
